# JRE version: OpenJDK Runtime Environment (8.0_152-b01) (build 1.8.0_152-release-1248-b01)
# Java VM: OpenJDK 64-Bit Server VM (25.152-b01 mixed mode bsd-amd64 compressed oops)
Heap:
 PSYoungGen      total 292864K, used 19947K [0x00000007a0000000, 0x00000007ba080000, 0x00000007c0000000)
  eden space 272896K, 0% used [0x00000007a0000000,0x00000007a0000000,0x00000007b0a80000)
  from space 19968K, 99% used [0x00000007b0a80000,0x00000007b1dfad80,0x00000007b1e00000)
  to   space 25088K, 0% used [0x00000007b8800000,0x00000007b8800000,0x00000007ba080000)
 ParOldGen       total 176640K, used 31942K [0x0000000760000000, 0x000000076ac80000, 0x00000007a0000000)
  object space 176640K, 18% used [0x0000000760000000,0x0000000761f31ad8,0x000000076ac80000)
 Metaspace       used 57480K, capacity 58976K, committed 59160K, reserved 1099776K
  class space    used 7810K, capacity 8210K, committed 8240K, reserved 1048576K
GC Heap History (10 events):
Event: 2.915 GC heap after
Heap after GC invocations=5 (full 1):
 PSYoungGen      total 203264K, used 10742K [0x00000007a0000000, 0x00000007b1500000, 0x00000007c0000000)
  eden space 192512K, 0% used [0x00000007a0000000,0x00000007a0000000,0x00000007abc00000)
  from space 10752K, 99% used [0x00000007b0a80000,0x00000007b14fd848,0x00000007b1500000)
  to   space 10752K, 0% used [0x00000007b0000000,0x00000007b0000000,0x00000007b0a80000)
 ParOldGen       total 108544K, used 11233K [0x0000000760000000, 0x0000000766a00000, 0x00000007a0000000)
  object space 108544K, 10% used [0x0000000760000000,0x0000000760af84d0,0x0000000766a00000)
 Metaspace       used 30096K, capacity 30522K, committed 30768K, reserved 1075200K
  class space    used 4186K, capacity 4358K, committed 4400K, reserved 1048576K
}
Event: 3.591 GC heap before
{Heap before GC invocations=6 (full 1):
 PSYoungGen      total 203264K, used 57954K [0x00000007a0000000, 0x00000007b1500000, 0x00000007c0000000)
  eden space 192512K, 24% used [0x00000007a0000000,0x00000007a2e1b058,0x00000007abc00000)
  from space 10752K, 99% used [0x00000007b0a80000,0x00000007b14fd848,0x00000007b1500000)
  to   space 10752K, 0% used [0x00000007b0000000,0x00000007b0000000,0x00000007b0a80000)
 ParOldGen       total 108544K, used 11233K [0x0000000760000000, 0x0000000766a00000, 0x00000007a0000000)
  object space 108544K, 10% used [0x0000000760000000,0x0000000760af84d0,0x0000000766a00000)
 Metaspace       used 34797K, capacity 35324K, committed 35496K, reserved 1079296K
  class space    used 4853K, capacity 5064K, committed 5168K, reserved 1048576K
Event: 3.598 GC heap after
Heap after GC invocations=6 (full 1):
 PSYoungGen      total 272896K, used 10645K [0x00000007a0000000, 0x00000007b2b00000, 0x00000007c0000000)
  eden space 262144K, 0% used [0x00000007a0000000,0x00000007a0000000,0x00000007b0000000)
  from space 10752K, 99% used [0x00000007b0000000,0x00000007b0a65688,0x00000007b0a80000)
  to   space 13312K, 0% used [0x00000007b1e00000,0x00000007b1e00000,0x00000007b2b00000)
 ParOldGen       total 108544K, used 11241K [0x0000000760000000, 0x0000000766a00000, 0x00000007a0000000)
  object space 108544K, 10% used [0x0000000760000000,0x0000000760afa4d0,0x0000000766a00000)
 Metaspace       used 34797K, capacity 35324K, committed 35496K, reserved 1079296K
  class space    used 4853K, capacity 5064K, committed 5168K, reserved 1048576K
}
Event: 3.598 GC heap before
{Heap before GC invocations=7 (full 2):
 PSYoungGen      total 272896K, used 10645K [0x00000007a0000000, 0x00000007b2b00000, 0x00000007c0000000)
  eden space 262144K, 0% used [0x00000007a0000000,0x00000007a0000000,0x00000007b0000000)
  from space 10752K, 99% used [0x00000007b0000000,0x00000007b0a65688,0x00000007b0a80000)
  to   space 13312K, 0% used [0x00000007b1e00000,0x00000007b1e00000,0x00000007b2b00000)
 ParOldGen       total 108544K, used 11241K [0x0000000760000000, 0x0000000766a00000, 0x00000007a0000000)
  object space 108544K, 10% used [0x0000000760000000,0x0000000760afa4d0,0x0000000766a00000)
 Metaspace       used 34797K, capacity 35324K, committed 35496K, reserved 1079296K
  class space    used 4853K, capacity 5064K, committed 5168K, reserved 1048576K
Event: 3.636 GC heap after
Heap after GC invocations=7 (full 2):
 PSYoungGen      total 272896K, used 0K [0x00000007a0000000, 0x00000007b2b00000, 0x00000007c0000000)
  eden space 262144K, 0% used [0x00000007a0000000,0x00000007a0000000,0x00000007b0000000)
  from space 10752K, 0% used [0x00000007b0000000,0x00000007b0000000,0x00000007b0a80000)
  to   space 13312K, 0% used [0x00000007b1e00000,0x00000007b1e00000,0x00000007b2b00000)
 ParOldGen       total 176640K, used 17331K [0x0000000760000000, 0x000000076ac80000, 0x00000007a0000000)
  object space 176640K, 9% used [0x0000000760000000,0x00000007610ecf60,0x000000076ac80000)
 Metaspace       used 34797K, capacity 35324K, committed 35496K, reserved 1079296K
  class space    used 4853K, capacity 5064K, committed 5168K, reserved 1048576K
}
Event: 5.737 GC heap before
{Heap before GC invocations=8 (full 2):
 PSYoungGen      total 272896K, used 262144K [0x00000007a0000000, 0x00000007b2b00000, 0x00000007c0000000)
  eden space 262144K, 100% used [0x00000007a0000000,0x00000007b0000000,0x00000007b0000000)
  from space 10752K, 0% used [0x00000007b0000000,0x00000007b0000000,0x00000007b0a80000)
  to   space 13312K, 0% used [0x00000007b1e00000,0x00000007b1e00000,0x00000007b2b00000)
 ParOldGen       total 176640K, used 17331K [0x0000000760000000, 0x000000076ac80000, 0x00000007a0000000)
  object space 176640K, 9% used [0x0000000760000000,0x00000007610ecf60,0x000000076ac80000)
 Metaspace       used 48840K, capacity 49824K, committed 49968K, reserved 1091584K
  class space    used 6563K, capacity 6873K, committed 6960K, reserved 1048576K
Event: 5.752 GC heap after
Heap after GC invocations=8 (full 2):
 PSYoungGen      total 286208K, used 13310K [0x00000007a0000000, 0x00000007b8800000, 0x00000007c0000000)
  eden space 272896K, 0% used [0x00000007a0000000,0x00000007a0000000,0x00000007b0a80000)
  from space 13312K, 99% used [0x00000007b1e00000,0x00000007b2affa98,0x00000007b2b00000)
  to   space 19968K, 0% used [0x00000007b0a80000,0x00000007b0a80000,0x00000007b1e00000)
 ParOldGen       total 176640K, used 26577K [0x0000000760000000, 0x000000076ac80000, 0x00000007a0000000)
  object space 176640K, 15% used [0x0000000760000000,0x00000007619f4768,0x000000076ac80000)
 Metaspace       used 48840K, capacity 49824K, committed 49968K, reserved 1091584K
  class space    used 6563K, capacity 6873K, committed 6960K, reserved 1048576K
}
Event: 7.376 GC heap before
{Heap before GC invocations=9 (full 2):
 PSYoungGen      total 286208K, used 179851K [0x00000007a0000000, 0x00000007b8800000, 0x00000007c0000000)
  eden space 272896K, 61% used [0x00000007a0000000,0x00000007aa2a3240,0x00000007b0a80000)
  from space 13312K, 99% used [0x00000007b1e00000,0x00000007b2affa98,0x00000007b2b00000)
  to   space 19968K, 0% used [0x00000007b0a80000,0x00000007b0a80000,0x00000007b1e00000)
 ParOldGen       total 176640K, used 26577K [0x0000000760000000, 0x000000076ac80000, 0x00000007a0000000)
  object space 176640K, 15% used [0x0000000760000000,0x00000007619f4768,0x000000076ac80000)
 Metaspace       used 57480K, capacity 58976K, committed 59160K, reserved 1099776K
  class space    used 7810K, capacity 8210K, committed 8240K, reserved 1048576K
Event: 7.393 GC heap after
Heap after GC invocations=9 (full 2):
 PSYoungGen      total 292864K, used 19947K [0x00000007a0000000, 0x00000007ba080000, 0x00000007c0000000)
  eden space 272896K, 0% used [0x00000007a0000000,0x00000007a0000000,0x00000007b0a80000)
  from space 19968K, 99% used [0x00000007b0a80000,0x00000007b1dfad80,0x00000007b1e00000)
  to   space 25088K, 0% used [0x00000007b8800000,0x00000007b8800000,0x00000007ba080000)
 ParOldGen       total 176640K, used 31942K [0x0000000760000000, 0x000000076ac80000, 0x00000007a0000000)
  object space 176640K, 18% used [0x0000000760000000,0x0000000761f31ad8,0x000000076ac80000)
 Metaspace       used 57480K, capacity 58976K, committed 59160K, reserved 1099776K
  class space    used 7810K, capacity 8210K, committed 8240K, reserved 1048576K
}
Event: 7.393 GC heap before
{Heap before GC invocations=10 (full 3):
 PSYoungGen      total 292864K, used 19947K [0x00000007a0000000, 0x00000007ba080000, 0x00000007c0000000)
  eden space 272896K, 0% used [0x00000007a0000000,0x00000007a0000000,0x00000007b0a80000)
  from space 19968K, 99% used [0x00000007b0a80000,0x00000007b1dfad80,0x00000007b1e00000)
  to   space 25088K, 0% used [0x00000007b8800000,0x00000007b8800000,0x00000007ba080000)
 ParOldGen       total 176640K, used 31942K [0x0000000760000000, 0x000000076ac80000, 0x00000007a0000000)
  object space 176640K, 18% used [0x0000000760000000,0x0000000761f31ad8,0x000000076ac80000)
 Metaspace       used 57480K, capacity 58976K, committed 59160K, reserved 1099776K
  class space    used 7810K, capacity 8210K, committed 8240K, reserved 1048576K

