# JRE version: OpenJDK Runtime Environment (8.0_152-b01) (build 1.8.0_152-release-1248-b01)
# Java VM: OpenJDK 64-Bit Server VM (25.152-b01 mixed mode bsd-amd64 compressed oops)
Heap:
 PSYoungGen      total 353792K, used 271945K [0x00000007a0000000, 0x00000007c0000000, 0x00000007c0000000)
  eden space 186880K, 100% used [0x00000007a0000000,0x00000007ab680000,0x00000007ab680000)
  from space 166912K, 50% used [0x00000007b5280000,0x00000007ba592738,0x00000007bf580000)
  to   space 159744K, 63% used [0x00000007ab680000,0x00000007b18cf098,0x00000007b5280000)
 ParOldGen       total 594432K, used 404518K [0x0000000760000000, 0x0000000784480000, 0x00000007a0000000)
  object space 594432K, 68% used [0x0000000760000000,0x0000000778b09928,0x0000000784480000)
 Metaspace       used 96840K, capacity 100493K, committed 100760K, reserved 1136640K
  class space    used 12167K, capacity 12948K, committed 12976K, reserved 1048576K
GC Heap History (10 events):
Event: 2352.499 GC heap after
Heap after GC invocations=30 (full 4):
 PSYoungGen      total 315392K, used 125374K [0x00000007a0000000, 0x00000007c0000000, 0x00000007c0000000)
  eden space 185344K, 0% used [0x00000007a0000000,0x00000007a0000000,0x00000007ab500000)
  from space 130048K, 96% used [0x00000007b8100000,0x00000007bfb6f8d0,0x00000007c0000000)
  to   space 169472K, 0% used [0x00000007ab500000,0x00000007ab500000,0x00000007b5a80000)
 ParOldGen       total 594432K, used 292031K [0x0000000760000000, 0x0000000784480000, 0x00000007a0000000)
  object space 594432K, 49% used [0x0000000760000000,0x0000000771d2fec8,0x0000000784480000)
 Metaspace       used 94212K, capacity 97543K, committed 98328K, reserved 1134592K
  class space    used 11904K, capacity 12633K, committed 12848K, reserved 1048576K
}
Event: 2353.162 GC heap before
{Heap before GC invocations=31 (full 4):
 PSYoungGen      total 315392K, used 310718K [0x00000007a0000000, 0x00000007c0000000, 0x00000007c0000000)
  eden space 185344K, 100% used [0x00000007a0000000,0x00000007ab500000,0x00000007ab500000)
  from space 130048K, 96% used [0x00000007b8100000,0x00000007bfb6f8d0,0x00000007c0000000)
  to   space 169472K, 0% used [0x00000007ab500000,0x00000007ab500000,0x00000007b5a80000)
 ParOldGen       total 594432K, used 292031K [0x0000000760000000, 0x0000000784480000, 0x00000007a0000000)
  object space 594432K, 49% used [0x0000000760000000,0x0000000771d2fec8,0x0000000784480000)
 Metaspace       used 94213K, capacity 97543K, committed 98328K, reserved 1134592K
  class space    used 11904K, capacity 12633K, committed 12848K, reserved 1048576K
Event: 2353.215 GC heap after
Heap after GC invocations=31 (full 4):
 PSYoungGen      total 309760K, used 124053K [0x00000007a0000000, 0x00000007c0000000, 0x00000007c0000000)
  eden space 185344K, 0% used [0x00000007a0000000,0x00000007a0000000,0x00000007ab500000)
  from space 124416K, 99% used [0x00000007ab500000,0x00000007b2e25518,0x00000007b2e80000)
  to   space 174592K, 0% used [0x00000007b5580000,0x00000007b5580000,0x00000007c0000000)
 ParOldGen       total 594432K, used 292095K [0x0000000760000000, 0x0000000784480000, 0x00000007a0000000)
  object space 594432K, 49% used [0x0000000760000000,0x0000000771d3fec8,0x0000000784480000)
 Metaspace       used 94213K, capacity 97543K, committed 98328K, reserved 1134592K
  class space    used 11904K, capacity 12633K, committed 12848K, reserved 1048576K
}
Event: 3550.188 GC heap before
{Heap before GC invocations=32 (full 4):
 PSYoungGen      total 309760K, used 309397K [0x00000007a0000000, 0x00000007c0000000, 0x00000007c0000000)
  eden space 185344K, 100% used [0x00000007a0000000,0x00000007ab500000,0x00000007ab500000)
  from space 124416K, 99% used [0x00000007ab500000,0x00000007b2e25518,0x00000007b2e80000)
  to   space 174592K, 0% used [0x00000007b5580000,0x00000007b5580000,0x00000007c0000000)
 ParOldGen       total 594432K, used 292095K [0x0000000760000000, 0x0000000784480000, 0x00000007a0000000)
  object space 594432K, 49% used [0x0000000760000000,0x0000000771d3fec8,0x0000000784480000)
 Metaspace       used 94377K, capacity 97793K, committed 98328K, reserved 1134592K
  class space    used 11921K, capacity 12664K, committed 12848K, reserved 1048576K
Event: 3550.305 GC heap after
Heap after GC invocations=32 (full 4):
 PSYoungGen      total 354304K, used 70663K [0x00000007a0000000, 0x00000007c0000000, 0x00000007c0000000)
  eden space 179712K, 0% used [0x00000007a0000000,0x00000007a0000000,0x00000007aaf80000)
  from space 174592K, 40% used [0x00000007b5580000,0x00000007b9a81d48,0x00000007c0000000)
  to   space 169984K, 0% used [0x00000007aaf80000,0x00000007aaf80000,0x00000007b5580000)
 ParOldGen       total 594432K, used 339438K [0x0000000760000000, 0x0000000784480000, 0x00000007a0000000)
  object space 594432K, 57% used [0x0000000760000000,0x0000000774b7ba80,0x0000000784480000)
 Metaspace       used 94377K, capacity 97793K, committed 98328K, reserved 1134592K
  class space    used 11921K, capacity 12664K, committed 12848K, reserved 1048576K
}
Event: 3554.416 GC heap before
{Heap before GC invocations=33 (full 4):
 PSYoungGen      total 354304K, used 250375K [0x00000007a0000000, 0x00000007c0000000, 0x00000007c0000000)
  eden space 179712K, 100% used [0x00000007a0000000,0x00000007aaf80000,0x00000007aaf80000)
  from space 174592K, 40% used [0x00000007b5580000,0x00000007b9a81d48,0x00000007c0000000)
  to   space 169984K, 0% used [0x00000007aaf80000,0x00000007aaf80000,0x00000007b5580000)
 ParOldGen       total 594432K, used 339438K [0x0000000760000000, 0x0000000784480000, 0x00000007a0000000)
  object space 594432K, 57% used [0x0000000760000000,0x0000000774b7ba80,0x0000000784480000)
 Metaspace       used 95640K, capacity 99263K, committed 99480K, reserved 1136640K
  class space    used 12043K, capacity 12827K, committed 12976K, reserved 1048576K
Event: 3554.453 GC heap after
Heap after GC invocations=33 (full 4):
 PSYoungGen      total 275456K, used 95676K [0x00000007a0000000, 0x00000007bf580000, 0x00000007c0000000)
  eden space 179712K, 0% used [0x00000007a0000000,0x00000007a0000000,0x00000007aaf80000)
  from space 95744K, 99% used [0x00000007aaf80000,0x00000007b0cef110,0x00000007b0d00000)
  to   space 166912K, 0% used [0x00000007b5280000,0x00000007b5280000,0x00000007bf580000)
 ParOldGen       total 594432K, used 340050K [0x0000000760000000, 0x0000000784480000, 0x00000007a0000000)
  object space 594432K, 57% used [0x0000000760000000,0x0000000774c14ab0,0x0000000784480000)
 Metaspace       used 95640K, capacity 99263K, committed 99480K, reserved 1136640K
  class space    used 12043K, capacity 12827K, committed 12976K, reserved 1048576K
}
Event: 3557.145 GC heap before
{Heap before GC invocations=34 (full 4):
 PSYoungGen      total 275456K, used 275388K [0x00000007a0000000, 0x00000007bf580000, 0x00000007c0000000)
  eden space 179712K, 100% used [0x00000007a0000000,0x00000007aaf80000,0x00000007aaf80000)
  from space 95744K, 99% used [0x00000007aaf80000,0x00000007b0cef110,0x00000007b0d00000)
  to   space 166912K, 0% used [0x00000007b5280000,0x00000007b5280000,0x00000007bf580000)
 ParOldGen       total 594432K, used 340050K [0x0000000760000000, 0x0000000784480000, 0x00000007a0000000)
  object space 594432K, 57% used [0x0000000760000000,0x0000000774c14ab0,0x0000000784480000)
 Metaspace       used 96311K, capacity 99975K, committed 100248K, reserved 1136640K
  class space    used 12117K, capacity 12878K, committed 12976K, reserved 1048576K
Event: 3557.184 GC heap after
Heap after GC invocations=34 (full 4):
 PSYoungGen      total 353792K, used 85065K [0x00000007a0000000, 0x00000007c0000000, 0x00000007c0000000)
  eden space 186880K, 0% used [0x00000007a0000000,0x00000007a0000000,0x00000007ab680000)
  from space 166912K, 50% used [0x00000007b5280000,0x00000007ba592738,0x00000007bf580000)
  to   space 159744K, 0% used [0x00000007ab680000,0x00000007ab680000,0x00000007b5280000)
 ParOldGen       total 594432K, used 356008K [0x0000000760000000, 0x0000000784480000, 0x00000007a0000000)
  object space 594432K, 59% used [0x0000000760000000,0x0000000775baa000,0x0000000784480000)
 Metaspace       used 96311K, capacity 99975K, committed 100248K, reserved 1136640K
  class space    used 12117K, capacity 12878K, committed 12976K, reserved 1048576K
}
Event: 3558.647 GC heap before
{Heap before GC invocations=35 (full 4):
 PSYoungGen      total 353792K, used 271945K [0x00000007a0000000, 0x00000007c0000000, 0x00000007c0000000)
  eden space 186880K, 100% used [0x00000007a0000000,0x00000007ab680000,0x00000007ab680000)
  from space 166912K, 50% used [0x00000007b5280000,0x00000007ba592738,0x00000007bf580000)
  to   space 159744K, 0% used [0x00000007ab680000,0x00000007ab680000,0x00000007b5280000)
 ParOldGen       total 594432K, used 356008K [0x0000000760000000, 0x0000000784480000, 0x00000007a0000000)
  object space 594432K, 59% used [0x0000000760000000,0x0000000775baa000,0x0000000784480000)
 Metaspace       used 96840K, capacity 100493K, committed 100760K, reserved 1136640K
  class space    used 12167K, capacity 12948K, committed 12976K, reserved 1048576K

