# JRE version: OpenJDK Runtime Environment (8.0_152-b01) (build 1.8.0_152-release-1248-b01)
# Java VM: OpenJDK 64-Bit Server VM (25.152-b01 mixed mode bsd-amd64 compressed oops)
Heap:
 PSYoungGen      total 349696K, used 235051K [0x00000007a0000000, 0x00000007c0000000, 0x00000007c0000000)
  eden space 175104K, 100% used [0x00000007a0000000,0x00000007aab00000,0x00000007aab00000)
  from space 174592K, 34% used [0x00000007b5580000,0x00000007b900aec8,0x00000007c0000000)
  to   space 174592K, 40% used [0x00000007aab00000,0x00000007aefe8110,0x00000007b5580000)
 ParOldGen       total 707584K, used 311982K [0x0000000760000000, 0x000000078b300000, 0x00000007a0000000)
  object space 707584K, 44% used [0x0000000760000000,0x00000007730ab9a8,0x000000078b300000)
 Metaspace       used 105149K, capacity 109429K, committed 111000K, reserved 1146880K
  class space    used 12967K, capacity 13862K, committed 14256K, reserved 1048576K
GC Heap History (10 events):
Event: 9368.916 GC heap after
Heap after GC invocations=39 (full 4):
 PSYoungGen      total 349696K, used 96568K [0x00000007a0000000, 0x00000007c0000000, 0x00000007c0000000)
  eden space 175104K, 0% used [0x00000007a0000000,0x00000007a0000000,0x00000007aab00000)
  from space 174592K, 55% used [0x00000007aab00000,0x00000007b094e138,0x00000007b5580000)
  to   space 174592K, 0% used [0x00000007b5580000,0x00000007b5580000,0x00000007c0000000)
 ParOldGen       total 476160K, used 332865K [0x0000000760000000, 0x000000077d100000, 0x00000007a0000000)
  object space 476160K, 69% used [0x0000000760000000,0x0000000774510478,0x000000077d100000)
 Metaspace       used 105737K, capacity 110413K, committed 110744K, reserved 1146880K
  class space    used 13159K, capacity 14116K, committed 14256K, reserved 1048576K
}
Event: 9490.824 GC heap before
{Heap before GC invocations=40 (full 4):
 PSYoungGen      total 349696K, used 271672K [0x00000007a0000000, 0x00000007c0000000, 0x00000007c0000000)
  eden space 175104K, 100% used [0x00000007a0000000,0x00000007aab00000,0x00000007aab00000)
  from space 174592K, 55% used [0x00000007aab00000,0x00000007b094e138,0x00000007b5580000)
  to   space 174592K, 0% used [0x00000007b5580000,0x00000007b5580000,0x00000007c0000000)
 ParOldGen       total 476160K, used 332865K [0x0000000760000000, 0x000000077d100000, 0x00000007a0000000)
  object space 476160K, 69% used [0x0000000760000000,0x0000000774510478,0x000000077d100000)
 Metaspace       used 105897K, capacity 110549K, committed 110744K, reserved 1146880K
  class space    used 13159K, capacity 14116K, committed 14256K, reserved 1048576K
Event: 9490.872 GC heap after
Heap after GC invocations=40 (full 4):
 PSYoungGen      total 349696K, used 82202K [0x00000007a0000000, 0x00000007c0000000, 0x00000007c0000000)
  eden space 175104K, 0% used [0x00000007a0000000,0x00000007a0000000,0x00000007aab00000)
  from space 174592K, 47% used [0x00000007b5580000,0x00000007ba5c6b80,0x00000007c0000000)
  to   space 174592K, 0% used [0x00000007aab00000,0x00000007aab00000,0x00000007b5580000)
 ParOldGen       total 476160K, used 339433K [0x0000000760000000, 0x000000077d100000, 0x00000007a0000000)
  object space 476160K, 71% used [0x0000000760000000,0x0000000774b7a5a8,0x000000077d100000)
 Metaspace       used 105897K, capacity 110549K, committed 110744K, reserved 1146880K
  class space    used 13159K, capacity 14116K, committed 14256K, reserved 1048576K
}
Event: 9493.987 GC heap before
{Heap before GC invocations=41 (full 4):
 PSYoungGen      total 349696K, used 257306K [0x00000007a0000000, 0x00000007c0000000, 0x00000007c0000000)
  eden space 175104K, 100% used [0x00000007a0000000,0x00000007aab00000,0x00000007aab00000)
  from space 174592K, 47% used [0x00000007b5580000,0x00000007ba5c6b80,0x00000007c0000000)
  to   space 174592K, 0% used [0x00000007aab00000,0x00000007aab00000,0x00000007b5580000)
 ParOldGen       total 476160K, used 339433K [0x0000000760000000, 0x000000077d100000, 0x00000007a0000000)
  object space 476160K, 71% used [0x0000000760000000,0x0000000774b7a5a8,0x000000077d100000)
 Metaspace       used 106017K, capacity 110833K, committed 111000K, reserved 1146880K
  class space    used 13174K, capacity 14142K, committed 14256K, reserved 1048576K
Event: 9494.045 GC heap after
Heap after GC invocations=41 (full 4):
 PSYoungGen      total 349696K, used 9617K [0x00000007a0000000, 0x00000007c0000000, 0x00000007c0000000)
  eden space 175104K, 0% used [0x00000007a0000000,0x00000007a0000000,0x00000007aab00000)
  from space 174592K, 5% used [0x00000007aab00000,0x00000007ab4646b0,0x00000007b5580000)
  to   space 174592K, 0% used [0x00000007b5580000,0x00000007b5580000,0x00000007c0000000)
 ParOldGen       total 476160K, used 418777K [0x0000000760000000, 0x000000077d100000, 0x00000007a0000000)
  object space 476160K, 87% used [0x0000000760000000,0x00000007798f6448,0x000000077d100000)
 Metaspace       used 106017K, capacity 110833K, committed 111000K, reserved 1146880K
  class space    used 13174K, capacity 14142K, committed 14256K, reserved 1048576K
}
Event: 9494.045 GC heap before
{Heap before GC invocations=42 (full 5):
 PSYoungGen      total 349696K, used 9617K [0x00000007a0000000, 0x00000007c0000000, 0x00000007c0000000)
  eden space 175104K, 0% used [0x00000007a0000000,0x00000007a0000000,0x00000007aab00000)
  from space 174592K, 5% used [0x00000007aab00000,0x00000007ab4646b0,0x00000007b5580000)
  to   space 174592K, 0% used [0x00000007b5580000,0x00000007b5580000,0x00000007c0000000)
 ParOldGen       total 476160K, used 418777K [0x0000000760000000, 0x000000077d100000, 0x00000007a0000000)
  object space 476160K, 87% used [0x0000000760000000,0x00000007798f6448,0x000000077d100000)
 Metaspace       used 106017K, capacity 110833K, committed 111000K, reserved 1146880K
  class space    used 13174K, capacity 14142K, committed 14256K, reserved 1048576K
Event: 9494.944 GC heap after
Heap after GC invocations=42 (full 5):
 PSYoungGen      total 349696K, used 0K [0x00000007a0000000, 0x00000007c0000000, 0x00000007c0000000)
  eden space 175104K, 0% used [0x00000007a0000000,0x00000007a0000000,0x00000007aab00000)
  from space 174592K, 0% used [0x00000007aab00000,0x00000007aab00000,0x00000007b5580000)
  to   space 174592K, 0% used [0x00000007b5580000,0x00000007b5580000,0x00000007c0000000)
 ParOldGen       total 707584K, used 311974K [0x0000000760000000, 0x000000078b300000, 0x00000007a0000000)
  object space 707584K, 44% used [0x0000000760000000,0x00000007730a99a8,0x000000078b300000)
 Metaspace       used 104585K, capacity 108829K, committed 111000K, reserved 1146880K
  class space    used 12916K, capacity 13790K, committed 14256K, reserved 1048576K
}
Event: 9495.873 GC heap before
{Heap before GC invocations=43 (full 5):
 PSYoungGen      total 349696K, used 175104K [0x00000007a0000000, 0x00000007c0000000, 0x00000007c0000000)
  eden space 175104K, 100% used [0x00000007a0000000,0x00000007aab00000,0x00000007aab00000)
  from space 174592K, 0% used [0x00000007aab00000,0x00000007aab00000,0x00000007b5580000)
  to   space 174592K, 0% used [0x00000007b5580000,0x00000007b5580000,0x00000007c0000000)
 ParOldGen       total 707584K, used 311974K [0x0000000760000000, 0x000000078b300000, 0x00000007a0000000)
  object space 707584K, 44% used [0x0000000760000000,0x00000007730a99a8,0x000000078b300000)
 Metaspace       used 105125K, capacity 109429K, committed 111000K, reserved 1146880K
  class space    used 12967K, capacity 13862K, committed 14256K, reserved 1048576K
Event: 9495.897 GC heap after
Heap after GC invocations=43 (full 5):
 PSYoungGen      total 349696K, used 59947K [0x00000007a0000000, 0x00000007c0000000, 0x00000007c0000000)
  eden space 175104K, 0% used [0x00000007a0000000,0x00000007a0000000,0x00000007aab00000)
  from space 174592K, 34% used [0x00000007b5580000,0x00000007b900aec8,0x00000007c0000000)
  to   space 174592K, 0% used [0x00000007aab00000,0x00000007aab00000,0x00000007b5580000)
 ParOldGen       total 707584K, used 311974K [0x0000000760000000, 0x000000078b300000, 0x00000007a0000000)
  object space 707584K, 44% used [0x0000000760000000,0x00000007730a99a8,0x000000078b300000)
 Metaspace       used 105125K, capacity 109429K, committed 111000K, reserved 1146880K
  class space    used 12967K, capacity 13862K, committed 14256K, reserved 1048576K
}
Event: 9496.817 GC heap before
{Heap before GC invocations=44 (full 5):
 PSYoungGen      total 349696K, used 235051K [0x00000007a0000000, 0x00000007c0000000, 0x00000007c0000000)
  eden space 175104K, 100% used [0x00000007a0000000,0x00000007aab00000,0x00000007aab00000)
  from space 174592K, 34% used [0x00000007b5580000,0x00000007b900aec8,0x00000007c0000000)
  to   space 174592K, 0% used [0x00000007aab00000,0x00000007aab00000,0x00000007b5580000)
 ParOldGen       total 707584K, used 311974K [0x0000000760000000, 0x000000078b300000, 0x00000007a0000000)
  object space 707584K, 44% used [0x0000000760000000,0x00000007730a99a8,0x000000078b300000)
 Metaspace       used 105149K, capacity 109429K, committed 111000K, reserved 1146880K
  class space    used 12967K, capacity 13862K, committed 14256K, reserved 1048576K

