# JRE version: OpenJDK Runtime Environment (8.0_152-b01) (build 1.8.0_152-release-1343-b01)
# Java VM: OpenJDK 64-Bit Server VM (25.152-b01 mixed mode bsd-amd64 compressed oops)
Heap:
 PSYoungGen      total 393728K, used 12443K [0x00000007a0000000, 0x00000007c0000000, 0x00000007c0000000)
  eden space 258560K, 0% used [0x00000007a0000000,0x00000007a0000000,0x00000007afc80000)
  from space 135168K, 9% used [0x00000007b7c00000,0x00000007b8826e70,0x00000007c0000000)
  to   space 130560K, 0% used [0x00000007afc80000,0x00000007afc80000,0x00000007b7c00000)
 ParOldGen       total 1048576K, used 968922K [0x0000000760000000, 0x00000007a0000000, 0x00000007a0000000)
  object space 1048576K, 92% used [0x0000000760000000,0x000000079b236b18,0x00000007a0000000)
 Metaspace       used 118342K, capacity 125413K, committed 129704K, reserved 1163264K
  class space    used 14198K, capacity 15461K, committed 16296K, reserved 1048576K
GC Heap History (10 events):
Event: 13170.287 GC heap after
Heap after GC invocations=148 (full 10):
 PSYoungGen      total 391680K, used 24252K [0x00000007a0000000, 0x00000007c0000000, 0x00000007c0000000)
  eden space 251392K, 0% used [0x00000007a0000000,0x00000007a0000000,0x00000007af580000)
  from space 140288K, 17% used [0x00000007b7700000,0x00000007b8eaf3c0,0x00000007c0000000)
  to   space 132608K, 0% used [0x00000007af580000,0x00000007af580000,0x00000007b7700000)
 ParOldGen       total 1048576K, used 847881K [0x0000000760000000, 0x00000007a0000000, 0x00000007a0000000)
  object space 1048576K, 80% used [0x0000000760000000,0x0000000793c02558,0x00000007a0000000)
 Metaspace       used 117727K, capacity 124813K, committed 129704K, reserved 1163264K
  class space    used 14146K, capacity 15389K, committed 16296K, reserved 1048576K
}
Event: 13749.689 GC heap before
{Heap before GC invocations=149 (full 10):
 PSYoungGen      total 391680K, used 275644K [0x00000007a0000000, 0x00000007c0000000, 0x00000007c0000000)
  eden space 251392K, 100% used [0x00000007a0000000,0x00000007af580000,0x00000007af580000)
  from space 140288K, 17% used [0x00000007b7700000,0x00000007b8eaf3c0,0x00000007c0000000)
  to   space 132608K, 0% used [0x00000007af580000,0x00000007af580000,0x00000007b7700000)
 ParOldGen       total 1048576K, used 847881K [0x0000000760000000, 0x00000007a0000000, 0x00000007a0000000)
  object space 1048576K, 80% used [0x0000000760000000,0x0000000793c02558,0x00000007a0000000)
 Metaspace       used 117746K, capacity 124813K, committed 129704K, reserved 1163264K
  class space    used 14146K, capacity 15389K, committed 16296K, reserved 1048576K
Event: 13749.699 GC heap after
Heap after GC invocations=149 (full 10):
 PSYoungGen      total 257024K, used 5282K [0x00000007a0000000, 0x00000007bf180000, 0x00000007c0000000)
  eden space 251392K, 0% used [0x00000007a0000000,0x00000007a0000000,0x00000007af580000)
  from space 5632K, 93% used [0x00000007af580000,0x00000007afaa8918,0x00000007afb00000)
  to   space 129024K, 0% used [0x00000007b7380000,0x00000007b7380000,0x00000007bf180000)
 ParOldGen       total 1048576K, used 857030K [0x0000000760000000, 0x00000007a0000000, 0x00000007a0000000)
  object space 1048576K, 81% used [0x0000000760000000,0x00000007944f1ae0,0x00000007a0000000)
 Metaspace       used 117746K, capacity 124813K, committed 129704K, reserved 1163264K
  class space    used 14146K, capacity 15389K, committed 16296K, reserved 1048576K
}
Event: 13750.634 GC heap before
{Heap before GC invocations=150 (full 10):
 PSYoungGen      total 257024K, used 256674K [0x00000007a0000000, 0x00000007bf180000, 0x00000007c0000000)
  eden space 251392K, 100% used [0x00000007a0000000,0x00000007af580000,0x00000007af580000)
  from space 5632K, 93% used [0x00000007af580000,0x00000007afaa8918,0x00000007afb00000)
  to   space 129024K, 0% used [0x00000007b7380000,0x00000007b7380000,0x00000007bf180000)
 ParOldGen       total 1048576K, used 857030K [0x0000000760000000, 0x00000007a0000000, 0x00000007a0000000)
  object space 1048576K, 81% used [0x0000000760000000,0x00000007944f1ae0,0x00000007a0000000)
 Metaspace       used 117776K, capacity 124895K, committed 129704K, reserved 1163264K
  class space    used 14147K, capacity 15391K, committed 16296K, reserved 1048576K
Event: 13750.655 GC heap after
Heap after GC invocations=150 (full 10):
 PSYoungGen      total 389632K, used 32025K [0x00000007a0000000, 0x00000007c0000000, 0x00000007c0000000)
  eden space 260608K, 0% used [0x00000007a0000000,0x00000007a0000000,0x00000007afe80000)
  from space 129024K, 24% used [0x00000007b7380000,0x00000007b92c66b8,0x00000007bf180000)
  to   space 119808K, 0% used [0x00000007afe80000,0x00000007afe80000,0x00000007b7380000)
 ParOldGen       total 1048576K, used 859107K [0x0000000760000000, 0x00000007a0000000, 0x00000007a0000000)
  object space 1048576K, 81% used [0x0000000760000000,0x00000007946f8cc0,0x00000007a0000000)
 Metaspace       used 117776K, capacity 124895K, committed 129704K, reserved 1163264K
  class space    used 14147K, capacity 15391K, committed 16296K, reserved 1048576K
}
Event: 13752.376 GC heap before
{Heap before GC invocations=151 (full 10):
 PSYoungGen      total 389632K, used 292633K [0x00000007a0000000, 0x00000007c0000000, 0x00000007c0000000)
  eden space 260608K, 100% used [0x00000007a0000000,0x00000007afe80000,0x00000007afe80000)
  from space 129024K, 24% used [0x00000007b7380000,0x00000007b92c66b8,0x00000007bf180000)
  to   space 119808K, 0% used [0x00000007afe80000,0x00000007afe80000,0x00000007b7380000)
 ParOldGen       total 1048576K, used 859107K [0x0000000760000000, 0x00000007a0000000, 0x00000007a0000000)
  object space 1048576K, 81% used [0x0000000760000000,0x00000007946f8cc0,0x00000007a0000000)
 Metaspace       used 118326K, capacity 125413K, committed 129704K, reserved 1163264K
  class space    used 14198K, capacity 15461K, committed 16296K, reserved 1048576K
Event: 13752.422 GC heap after
Heap after GC invocations=151 (full 10):
 PSYoungGen      total 380416K, used 98937K [0x00000007a0000000, 0x00000007c0000000, 0x00000007c0000000)
  eden space 260608K, 0% used [0x00000007a0000000,0x00000007a0000000,0x00000007afe80000)
  from space 119808K, 82% used [0x00000007afe80000,0x00000007b5f1e790,0x00000007b7380000)
  to   space 135168K, 0% used [0x00000007b7c00000,0x00000007b7c00000,0x00000007c0000000)
 ParOldGen       total 1048576K, used 881270K [0x0000000760000000, 0x00000007a0000000, 0x00000007a0000000)
  object space 1048576K, 84% used [0x0000000760000000,0x0000000795c9dbf0,0x00000007a0000000)
 Metaspace       used 118326K, capacity 125413K, committed 129704K, reserved 1163264K
  class space    used 14198K, capacity 15461K, committed 16296K, reserved 1048576K
}
Event: 13754.719 GC heap before
{Heap before GC invocations=152 (full 10):
 PSYoungGen      total 380416K, used 359545K [0x00000007a0000000, 0x00000007c0000000, 0x00000007c0000000)
  eden space 260608K, 100% used [0x00000007a0000000,0x00000007afe80000,0x00000007afe80000)
  from space 119808K, 82% used [0x00000007afe80000,0x00000007b5f1e790,0x00000007b7380000)
  to   space 135168K, 0% used [0x00000007b7c00000,0x00000007b7c00000,0x00000007c0000000)
 ParOldGen       total 1048576K, used 881270K [0x0000000760000000, 0x00000007a0000000, 0x00000007a0000000)
  object space 1048576K, 84% used [0x0000000760000000,0x0000000795c9dbf0,0x00000007a0000000)
 Metaspace       used 118342K, capacity 125413K, committed 129704K, reserved 1163264K
  class space    used 14198K, capacity 15461K, committed 16296K, reserved 1048576K
Event: 13754.760 GC heap after
Heap after GC invocations=152 (full 10):
 PSYoungGen      total 393728K, used 12443K [0x00000007a0000000, 0x00000007c0000000, 0x00000007c0000000)
  eden space 258560K, 0% used [0x00000007a0000000,0x00000007a0000000,0x00000007afc80000)
  from space 135168K, 9% used [0x00000007b7c00000,0x00000007b8826e70,0x00000007c0000000)
  to   space 130560K, 0% used [0x00000007afc80000,0x00000007afc80000,0x00000007b7c00000)
 ParOldGen       total 1048576K, used 968922K [0x0000000760000000, 0x00000007a0000000, 0x00000007a0000000)
  object space 1048576K, 92% used [0x0000000760000000,0x000000079b236b18,0x00000007a0000000)
 Metaspace       used 118342K, capacity 125413K, committed 129704K, reserved 1163264K
  class space    used 14198K, capacity 15461K, committed 16296K, reserved 1048576K
}
Event: 13754.760 GC heap before
{Heap before GC invocations=153 (full 11):
 PSYoungGen      total 393728K, used 12443K [0x00000007a0000000, 0x00000007c0000000, 0x00000007c0000000)
  eden space 258560K, 0% used [0x00000007a0000000,0x00000007a0000000,0x00000007afc80000)
  from space 135168K, 9% used [0x00000007b7c00000,0x00000007b8826e70,0x00000007c0000000)
  to   space 130560K, 0% used [0x00000007afc80000,0x00000007afc80000,0x00000007b7c00000)
 ParOldGen       total 1048576K, used 968922K [0x0000000760000000, 0x00000007a0000000, 0x00000007a0000000)
  object space 1048576K, 92% used [0x0000000760000000,0x000000079b236b18,0x00000007a0000000)
 Metaspace       used 118342K, capacity 125413K, committed 129704K, reserved 1163264K
  class space    used 14198K, capacity 15461K, committed 16296K, reserved 1048576K

